<?xml version="1.0" encoding="UTF-8"?>
<coverage generated="1604089843901" clover="3.2.0">
  <project timestamp="1604089843901" name="All files">
    <metrics statements="26" coveredstatements="11" conditionals="0" coveredconditionals="0" methods="9" coveredmethods="5" elements="35" coveredelements="16" complexity="0" loc="26" ncloc="26" packages="1" files="1" classes="1"/>
    <file name="App.jsx" path="/Users/eric/Documents/HACKR/HRSF128/random-rgb-image/client/src/Components/App.jsx">
      <metrics statements="26" coveredstatements="11" conditionals="0" coveredconditionals="0" methods="9" coveredmethods="5"/>
      <line num="3" count="1" type="stmt"/>
      <line num="7" count="2" type="stmt"/>
      <line num="8" count="2" type="stmt"/>
      <line num="11" count="2" type="stmt"/>
      <line num="12" count="2" type="stmt"/>
      <line num="16" count="2" type="stmt"/>
      <line num="20" count="3" type="stmt"/>
      <line num="21" count="3" type="stmt"/>
      <line num="26" count="3" type="stmt"/>
      <line num="28" count="0" type="stmt"/>
      <line num="31" count="0" type="stmt"/>
      <line num="34" count="0" type="stmt"/>
      <line num="39" count="0" type="stmt"/>
      <line num="40" count="0" type="stmt"/>
      <line num="41" count="0" type="stmt"/>
      <line num="42" count="0" type="stmt"/>
      <line num="43" count="0" type="stmt"/>
      <line num="47" count="1" type="stmt"/>
      <line num="51" count="0" type="stmt"/>
      <line num="52" count="0" type="stmt"/>
      <line num="53" count="0" type="stmt"/>
      <line num="54" count="0" type="stmt"/>
      <line num="55" count="0" type="stmt"/>
      <line num="56" count="0" type="stmt"/>
      <line num="57" count="0" type="stmt"/>
      <line num="61" count="2" type="stmt"/>
    </file>
  </project>
</coverage>
